
AVRASM ver. 2.1.30  C:\Users\Usuario\Desktop\microprocessador\TrabalhoFinal\SecuritySystem\Debug\List\SECURITY_SYSTEM.asm Tue Jun 30 20:32:24 2026

C:\Users\Usuario\Desktop\microprocessador\TrabalhoFinal\SecuritySystem\Debug\List\SECURITY_SYSTEM.asm(1418): warning: Register r5 already defined by the .DEF directive
C:\Users\Usuario\Desktop\microprocessador\TrabalhoFinal\SecuritySystem\Debug\List\SECURITY_SYSTEM.asm(1419): warning: Register r4 already defined by the .DEF directive
C:\Users\Usuario\Desktop\microprocessador\TrabalhoFinal\SecuritySystem\Debug\List\SECURITY_SYSTEM.asm(1420): warning: Register r7 already defined by the .DEF directive
                 
                 
                 ;CodeVisionAVR C Compiler V4.06a 
                 ;(C) Copyright 1998-2025 Pavel Haiduc, HP InfoTech S.R.L.
                 ;http://www.hpinfotech.ro
                 
                 ;Build configuration    : Debug
                 ;Chip type              : ATmega16
                 ;Program type           : Application
                 ;Clock frequency        : 14,745600 MHz
                 ;Memory model           : Small
                 ;Optimize for           : Size
                 ;(s)printf features     : int, width
                 ;(s)scanf features      : int, width
                 ;External RAM size      : 0
                 ;Data Stack size        : 256 byte(s)
                 ;Heap size              : 0 byte(s)
                 ;Promote 'char' to 'int': No
                 ;'char' is unsigned     : No
                 ;8 bit enums            : Yes
                 ;Global 'const' stored in FLASH: Yes
                 ;Enhanced function parameter passing: Mode 2
                 ;Enhanced core instructions: On
                 ;Automatic register allocation for global variables: On
                 ;Smart register allocation: On
                 
                 	#define _MODEL_SMALL_
                 
                 	#pragma AVRPART ADMIN PART_NAME ATmega16
                 	#pragma AVRPART MEMORY PROG_FLASH 16384
                 	#pragma AVRPART MEMORY EEPROM 512
                 	#pragma AVRPART MEMORY INT_SRAM SIZE 1024
                 	#pragma AVRPART MEMORY INT_SRAM START_ADDR 0x60
                 
                 	#define CALL_SUPPORTED 1
                 
                 	.LISTMAC
                 
                 	.EQU UDRE=0x5
                 	.EQU RXC=0x7
                 	.EQU USR=0xB
                 	.EQU UDR=0xC
                 	.EQU SPSR=0xE
                 	.EQU SPDR=0xF
                 	.EQU EERE=0x0
                 	.EQU EEWE=0x1
                 	.EQU EEMWE=0x2
                 	.EQU EECR=0x1C
                 	.EQU EEDR=0x1D
                 	.EQU EEARL=0x1E
                 	.EQU EEARH=0x1F
                 	.EQU WDTCR=0x21
                 	.EQU MCUCR=0x35
                 	.EQU SPMCSR=0x37
                 	.EQU GICR=0x3B
                 	.EQU SPL=0x3D
                 	.EQU SPH=0x3E
                 	.EQU SREG=0x3F
                 
                 	.DEF R0X0=R0
                 	.DEF R0X1=R1
                 	.DEF R0X2=R2
                 	.DEF R0X3=R3
                 	.DEF R0X4=R4
                 	.DEF R0X5=R5
                 	.DEF R0X6=R6
                 	.DEF R0X7=R7
                 	.DEF R0X8=R8
                 	.DEF R0X9=R9
                 	.DEF R0XA=R10
                 	.DEF R0XB=R11
                 	.DEF R0XC=R12
                 	.DEF R0XD=R13
                 	.DEF R0XE=R14
                 	.DEF R0XF=R15
                 	.DEF R0X10=R16
                 	.DEF R0X11=R17
                 	.DEF R0X12=R18
                 	.DEF R0X13=R19
                 	.DEF R0X14=R20
                 	.DEF R0X15=R21
                 	.DEF R0X16=R22
                 	.DEF R0X17=R23
                 	.DEF R0X18=R24
                 	.DEF R0X19=R25
                 	.DEF R0X1A=R26
                 	.DEF R0X1B=R27
                 	.DEF R0X1C=R28
                 	.DEF R0X1D=R29
                 	.DEF R0X1E=R30
                 	.DEF R0X1F=R31
                 
                 	.EQU __SRAM_START=0x0060
                 	.EQU __SRAM_END=0x045F
                 	.EQU __DSTACK_SIZE=0x0100
                 	.EQU __HEAP_SIZE=0x0000
                 	.EQU __CLEAR_SRAM_SIZE=__SRAM_END-__SRAM_START+1
                 
                 	.EQU __FLASH_PAGE_SIZE=0x40
                 
                 	.MACRO __CPD1N
                 	CPI  R30,LOW(@0)
                 	LDI  R26,HIGH(@0)
                 	CPC  R31,R26
                 	LDI  R26,BYTE3(@0)
                 	CPC  R22,R26
                 	LDI  R26,BYTE4(@0)
                 	CPC  R23,R26
                 	.ENDM
                 
                 	.MACRO __CPD2N
                 	CPI  R26,LOW(@0)
                 	LDI  R30,HIGH(@0)
                 	CPC  R27,R30
                 	LDI  R30,BYTE3(@0)
                 	CPC  R24,R30
                 	LDI  R30,BYTE4(@0)
                 	CPC  R25,R30
                 	.ENDM
                 
                 	.MACRO __CPWRR
                 	CP   R@0,R@2
                 	CPC  R@1,R@3
                 	.ENDM
                 
                 	.MACRO __CPWRN
                 	CPI  R@0,LOW(@2)
                 	LDI  R30,HIGH(@2)
                 	CPC  R@1,R30
                 	.ENDM
                 
                 	.MACRO __ADDB1MN
                 	SUBI R30,LOW(-@0-(@1))
                 	.ENDM
                 
                 	.MACRO __ADDB2MN
                 	SUBI R26,LOW(-@0-(@1))
                 	.ENDM
                 
                 	.MACRO __ADDW1MN
                 	SUBI R30,LOW(-@0-(@1))
                 	SBCI R31,HIGH(-@0-(@1))
                 	.ENDM
                 
                 	.MACRO __ADDW2MN
                 	SUBI R26,LOW(-@0-(@1))
                 	SBCI R27,HIGH(-@0-(@1))
                 	.ENDM
                 
                 	.MACRO __ADDW1FN
                 	SUBI R30,LOW(-2*@0-(@1))
                 	SBCI R31,HIGH(-2*@0-(@1))
                 	.ENDM
                 
                 	.MACRO __ADDD1FN
                 	SUBI R30,LOW(-2*@0-(@1))
                 	SBCI R31,HIGH(-2*@0-(@1))
                 	SBCI R22,BYTE3(-2*@0-(@1))
                 	.ENDM
                 
                 	.MACRO __ADDD1N
                 	SUBI R30,LOW(-@0)
                 	SBCI R31,HIGH(-@0)
                 	SBCI R22,BYTE3(-@0)
                 	SBCI R23,BYTE4(-@0)
                 	.ENDM
                 
                 	.MACRO __ADDD2N
                 	SUBI R26,LOW(-@0)
                 	SBCI R27,HIGH(-@0)
                 	SBCI R24,BYTE3(-@0)
                 	SBCI R25,BYTE4(-@0)
                 	.ENDM
                 
                 	.MACRO __SUBD1N
                 	SUBI R30,LOW(@0)
                 	SBCI R31,HIGH(@0)
                 	SBCI R22,BYTE3(@0)
                 	SBCI R23,BYTE4(@0)
                 	.ENDM
                 
                 	.MACRO __SUBD2N
                 	SUBI R26,LOW(@0)
                 	SBCI R27,HIGH(@0)
                 	SBCI R24,BYTE3(@0)
                 	SBCI R25,BYTE4(@0)
                 	.ENDM
                 
                 	.MACRO __ANDBMNN
                 	LDS  R30,@0+(@1)
                 	ANDI R30,LOW(@2)
                 	STS  @0+(@1),R30
                 	.ENDM
                 
                 	.MACRO __ANDWMNN
                 	LDS  R30,@0+(@1)
                 	ANDI R30,LOW(@2)
                 	STS  @0+(@1),R30
                 	LDS  R30,@0+(@1)+1
                 	ANDI R30,HIGH(@2)
                 	STS  @0+(@1)+1,R30
                 	.ENDM
                 
                 	.MACRO __ANDD1N
                 	ANDI R30,LOW(@0)
                 	ANDI R31,HIGH(@0)
                 	ANDI R22,BYTE3(@0)
                 	ANDI R23,BYTE4(@0)
                 	.ENDM
                 
                 	.MACRO __ANDD2N
                 	ANDI R26,LOW(@0)
                 	ANDI R27,HIGH(@0)
                 	ANDI R24,BYTE3(@0)
                 	ANDI R25,BYTE4(@0)
                 	.ENDM
                 
                 	.MACRO __ORBMNN
                 	LDS  R30,@0+(@1)
                 	ORI  R30,LOW(@2)
                 	STS  @0+(@1),R30
                 	.ENDM
                 
                 	.MACRO __ORWMNN
                 	LDS  R30,@0+(@1)
                 	ORI  R30,LOW(@2)
                 	STS  @0+(@1),R30
                 	LDS  R30,@0+(@1)+1
                 	ORI  R30,HIGH(@2)
                 	STS  @0+(@1)+1,R30
                 	.ENDM
                 
                 	.MACRO __ORD1N
                 	ORI  R30,LOW(@0)
                 	ORI  R31,HIGH(@0)
                 	ORI  R22,BYTE3(@0)
                 	ORI  R23,BYTE4(@0)
                 	.ENDM
                 
                 	.MACRO __ORD2N
                 	ORI  R26,LOW(@0)
                 	ORI  R27,HIGH(@0)
                 	ORI  R24,BYTE3(@0)
                 	ORI  R25,BYTE4(@0)
                 	.ENDM
                 
                 	.MACRO __DELAY_USB
                 	LDI  R24,LOW(@0)
                 __DELAY_USB_LOOP:
                 	DEC  R24
                 	BRNE __DELAY_USB_LOOP
                 	.ENDM
                 
                 	.MACRO __DELAY_USW
                 	LDI  R24,LOW(@0)
                 	LDI  R25,HIGH(@0)
                 __DELAY_USW_LOOP:
                 	SBIW R24,1
                 	BRNE __DELAY_USW_LOOP
                 	.ENDM
                 
                 	.MACRO __GETW1P
                 	LD   R30,X+
                 	LD   R31,X
                 	SBIW R26,1
                 	.ENDM
                 
                 	.MACRO __GETD1S
                 	LDD  R30,Y+@0
                 	LDD  R31,Y+@0+1
                 	LDD  R22,Y+@0+2
                 	LDD  R23,Y+@0+3
                 	.ENDM
                 
                 	.MACRO __GETD2S
                 	LDD  R26,Y+@0
                 	LDD  R27,Y+@0+1
                 	LDD  R24,Y+@0+2
                 	LDD  R25,Y+@0+3
                 	.ENDM
                 
                 	.MACRO __GETD1P_INC
                 	LD   R30,X+
                 	LD   R31,X+
                 	LD   R22,X+
                 	LD   R23,X+
                 	.ENDM
                 
                 	.MACRO __GETD1P_DEC
                 	LD   R23,-X
                 	LD   R22,-X
                 	LD   R31,-X
                 	LD   R30,-X
                 	.ENDM
                 
                 	.MACRO __PUTDP1
                 	ST   X+,R30
                 	ST   X+,R31
                 	ST   X+,R22
                 	ST   X,R23
                 	.ENDM
                 
                 	.MACRO __PUTDP1_DEC
                 	ST   -X,R23
                 	ST   -X,R22
                 	ST   -X,R31
                 	ST   -X,R30
                 	.ENDM
                 
                 	.MACRO __PUTD1S
                 	STD  Y+@0,R30
                 	STD  Y+@0+1,R31
                 	STD  Y+@0+2,R22
                 	STD  Y+@0+3,R23
                 	.ENDM
                 
                 	.MACRO __PUTD2S
                 	STD  Y+@0,R26
                 	STD  Y+@0+1,R27
                 	STD  Y+@0+2,R24
                 	STD  Y+@0+3,R25
                 	.ENDM
                 
                 	.MACRO __PUTDZ2
                 	STD  Z+@0,R26
                 	STD  Z+@0+1,R27
                 	STD  Z+@0+2,R24
                 	STD  Z+@0+3,R25
                 	.ENDM
                 
                 	.MACRO __CLRD1S
                 	STD  Y+@0,R30
                 	STD  Y+@0+1,R30
                 	STD  Y+@0+2,R30
                 	STD  Y+@0+3,R30
                 	.ENDM
                 
                 	.MACRO __CPD10
                 	SBIW R30,0
                 	SBCI R22,0
                 	SBCI R23,0
                 	.ENDM
                 
                 	.MACRO __CPD20
                 	SBIW R26,0
                 	SBCI R24,0
                 	SBCI R25,0
                 	.ENDM
                 
                 	.MACRO __ADDD12
                 	ADD  R30,R26
                 	ADC  R31,R27
                 	ADC  R22,R24
                 	ADC  R23,R25
                 	.ENDM
                 
                 	.MACRO __ADDD21
                 	ADD  R26,R30
                 	ADC  R27,R31
                 	ADC  R24,R22
                 	ADC  R25,R23
                 	.ENDM
                 
                 	.MACRO __SUBD12
                 	SUB  R30,R26
                 	SBC  R31,R27
                 	SBC  R22,R24
                 	SBC  R23,R25
                 	.ENDM
                 
                 	.MACRO __SUBD21
                 	SUB  R26,R30
                 	SBC  R27,R31
                 	SBC  R24,R22
                 	SBC  R25,R23
                 	.ENDM
                 
                 	.MACRO __ANDD12
                 	AND  R30,R26
                 	AND  R31,R27
                 	AND  R22,R24
                 	AND  R23,R25
                 	.ENDM
                 
                 	.MACRO __ORD12
                 	OR   R30,R26
                 	OR   R31,R27
                 	OR   R22,R24
                 	OR   R23,R25
                 	.ENDM
                 
                 	.MACRO __XORD12
                 	EOR  R30,R26
                 	EOR  R31,R27
                 	EOR  R22,R24
                 	EOR  R23,R25
                 	.ENDM
                 
                 	.MACRO __XORD21
                 	EOR  R26,R30
                 	EOR  R27,R31
                 	EOR  R24,R22
                 	EOR  R25,R23
                 	.ENDM
                 
                 	.MACRO __COMD1
                 	COM  R30
                 	COM  R31
                 	COM  R22
                 	COM  R23
                 	.ENDM
                 
                 	.MACRO __MULD2_2
                 	LSL  R26
                 	ROL  R27
                 	ROL  R24
                 	ROL  R25
                 	.ENDM
                 
                 	.MACRO __LSRD1
                 	LSR  R23
                 	ROR  R22
                 	ROR  R31
                 	ROR  R30
                 	.ENDM
                 
                 	.MACRO __LSLD1
                 	LSL  R30
                 	ROL  R31
                 	ROL  R22
                 	ROL  R23
                 	.ENDM
                 
                 	.MACRO __ASRB4
                 	ASR  R30
                 	ASR  R30
                 	ASR  R30
                 	ASR  R30
                 	.ENDM
                 
                 	.MACRO __ASRW8
                 	MOV  R30,R31
                 	CLR  R31
                 	SBRC R30,7
                 	SER  R31
                 	.ENDM
                 
                 	.MACRO __LSRD16
                 	MOV  R30,R22
                 	MOV  R31,R23
                 	LDI  R22,0
                 	LDI  R23,0
                 	.ENDM
                 
                 	.MACRO __LSLD16
                 	MOV  R22,R30
                 	MOV  R23,R31
                 	LDI  R30,0
                 	LDI  R31,0
                 	.ENDM
                 
                 	.MACRO __CWD1
                 	MOV  R22,R31
                 	ADD  R22,R22
                 	SBC  R22,R22
                 	MOV  R23,R22
                 	.ENDM
                 
                 	.MACRO __CWD2
                 	MOV  R24,R27
                 	ADD  R24,R24
                 	SBC  R24,R24
                 	MOV  R25,R24
                 	.ENDM
                 
                 	.MACRO __SETMSD1
                 	SER  R31
                 	SER  R22
                 	SER  R23
                 	.ENDM
                 
                 	.MACRO __ADDW1R15
                 	CLR  R0
                 	ADD  R30,R15
                 	ADC  R31,R0
                 	.ENDM
                 
                 	.MACRO __ADDW2R15
                 	CLR  R0
                 	ADD  R26,R15
                 	ADC  R27,R0
                 	.ENDM
                 
                 	.MACRO __EQB12
                 	CP   R30,R26
                 	LDI  R30,1
                 	BREQ PC+2
                 	CLR  R30
                 	.ENDM
                 
                 	.MACRO __NEB12
                 	CP   R30,R26
                 	LDI  R30,1
                 	BRNE PC+2
                 	CLR  R30
                 	.ENDM
                 
                 	.MACRO __LEB12
                 	CP   R30,R26
                 	LDI  R30,1
                 	BRGE PC+2
                 	CLR  R30
                 	.ENDM
                 
                 	.MACRO __GEB12
                 	CP   R26,R30
                 	LDI  R30,1
                 	BRGE PC+2
                 	CLR  R30
                 	.ENDM
                 
                 	.MACRO __LTB12
                 	CP   R26,R30
                 	LDI  R30,1
                 	BRLT PC+2
                 	CLR  R30
                 	.ENDM
                 
                 	.MACRO __GTB12
                 	CP   R30,R26
                 	LDI  R30,1
                 	BRLT PC+2
                 	CLR  R30
                 	.ENDM
                 
                 	.MACRO __LEB12U
                 	CP   R30,R26
                 	LDI  R30,1
                 	BRSH PC+2
                 	CLR  R30
                 	.ENDM
                 
                 	.MACRO __GEB12U
                 	CP   R26,R30
                 	LDI  R30,1
                 	BRSH PC+2
                 	CLR  R30
                 	.ENDM
                 
                 	.MACRO __LTB12U
                 	CP   R26,R30
                 	LDI  R30,1
                 	BRLO PC+2
                 	CLR  R30
                 	.ENDM
                 
                 	.MACRO __GTB12U
                 	CP   R30,R26
                 	LDI  R30,1
                 	BRLO PC+2
                 	CLR  R30
                 	.ENDM
                 
                 	.MACRO __CPW01
                 	CLR  R0
                 	CP   R0,R30
                 	CPC  R0,R31
                 	.ENDM
                 
                 	.MACRO __CPW02
                 	CLR  R0
                 	CP   R0,R26
                 	CPC  R0,R27
                 	.ENDM
                 
                 	.MACRO __CPD12
                 	CP   R30,R26
                 	CPC  R31,R27
                 	CPC  R22,R24
                 	CPC  R23,R25
                 	.ENDM
                 
                 	.MACRO __CPD21
                 	CP   R26,R30
                 	CPC  R27,R31
                 	CPC  R24,R22
                 	CPC  R25,R23
                 	.ENDM
                 
                 	.MACRO __BSTB1
                 	CLT
                 	TST  R30
                 	BREQ PC+2
                 	SET
                 	.ENDM
                 
                 	.MACRO __LNEGB1
                 	TST  R30
                 	LDI  R30,1
                 	BREQ PC+2
                 	CLR  R30
                 	.ENDM
                 
                 	.MACRO __LNEGW1
                 	OR   R30,R31
                 	LDI  R30,1
                 	BREQ PC+2
                 	LDI  R30,0
                 	.ENDM
                 
                 	.MACRO __POINTB1MN
                 	LDI  R30,LOW(@0+(@1))
                 	.ENDM
                 
                 	.MACRO __POINTW1MN
                 	LDI  R30,LOW(@0+(@1))
                 	LDI  R31,HIGH(@0+(@1))
                 	.ENDM
                 
                 	.MACRO __POINTD1M
                 	LDI  R30,LOW(@0)
                 	LDI  R31,HIGH(@0)
                 	LDI  R22,BYTE3(@0)
                 	LDI  R23,BYTE4(@0)
                 	.ENDM
                 
                 	.MACRO __POINTW1FN
                 	LDI  R30,LOW(2*@0+(@1))
                 	LDI  R31,HIGH(2*@0+(@1))
                 	.ENDM
                 
                 	.MACRO __POINTD1FN
                 	LDI  R30,LOW(2*@0+(@1))
                 	LDI  R31,HIGH(2*@0+(@1))
                 	LDI  R22,BYTE3(2*@0+(@1))
                 	LDI  R23,BYTE4(2*@0+(@1))
                 	.ENDM
                 
                 	.MACRO __POINTB2MN
                 	LDI  R26,LOW(@0+(@1))
                 	.ENDM
                 
                 	.MACRO __POINTW2MN
                 	LDI  R26,LOW(@0+(@1))
                 	LDI  R27,HIGH(@0+(@1))
                 	.ENDM
                 
                 	.MACRO __POINTD2M
                 	LDI  R26,LOW(@0)
                 	LDI  R27,HIGH(@0)
                 	LDI  R24,BYTE3(@0)
                 	LDI  R25,BYTE4(@0)
                 	.ENDM
                 
                 	.MACRO __POINTW2FN
                 	LDI  R26,LOW(2*@0+(@1))
                 	LDI  R27,HIGH(2*@0+(@1))
                 	.ENDM
                 
                 	.MACRO __POINTD2FN
                 	LDI  R26,LOW(2*@0+(@1))
                 	LDI  R27,HIGH(2*@0+(@1))
                 	LDI  R24,BYTE3(2*@0+(@1))
                 	LDI  R25,BYTE4(2*@0+(@1))
                 	.ENDM
                 
                 	.MACRO __POINTBRM
                 	LDI  R@0,LOW(@1)
                 	.ENDM
                 
                 	.MACRO __POINTWRM
                 	LDI  R@0,LOW(@2)
                 	LDI  R@1,HIGH(@2)
                 	.ENDM
                 
                 	.MACRO __POINTBRMN
                 	LDI  R@0,LOW(@1+(@2))
                 	.ENDM
                 
                 	.MACRO __POINTWRMN
                 	LDI  R@0,LOW(@2+(@3))
                 	LDI  R@1,HIGH(@2+(@3))
                 	.ENDM
                 
                 	.MACRO __POINTWRFN
                 	LDI  R@0,LOW(@2*2+(@3))
                 	LDI  R@1,HIGH(@2*2+(@3))
                 	.ENDM
                 
                 	.MACRO __GETD1N
                 	LDI  R30,LOW(@0)
                 	LDI  R31,HIGH(@0)
                 	LDI  R22,BYTE3(@0)
                 	LDI  R23,BYTE4(@0)
                 	.ENDM
                 
                 	.MACRO __GETD2N
                 	LDI  R26,LOW(@0)
                 	LDI  R27,HIGH(@0)
                 	LDI  R24,BYTE3(@0)
                 	LDI  R25,BYTE4(@0)
                 	.ENDM
                 
                 	.MACRO __GETB1MN
                 	LDS  R30,@0+(@1)
                 	.ENDM
                 
                 	.MACRO __GETB1HMN
                 	LDS  R31,@0+(@1)
                 	.ENDM
                 
                 	.MACRO __GETW1MN
                 	LDS  R30,@0+(@1)
                 	LDS  R31,@0+(@1)+1
                 	.ENDM
                 
                 	.MACRO __GETD1MN
                 	LDS  R30,@0+(@1)
                 	LDS  R31,@0+(@1)+1
                 	LDS  R22,@0+(@1)+2
                 	LDS  R23,@0+(@1)+3
                 	.ENDM
                 
                 	.MACRO __GETBRMN
                 	LDS  R@0,@1+(@2)
                 	.ENDM
                 
                 	.MACRO __GETWRMN
                 	LDS  R@0,@2+(@3)
                 	LDS  R@1,@2+(@3)+1
                 	.ENDM
                 
                 	.MACRO __GETWRZ
                 	LDD  R@0,Z+@2
                 	LDD  R@1,Z+@2+1
                 	.ENDM
                 
                 	.MACRO __GETD2Z
                 	LDD  R26,Z+@0
                 	LDD  R27,Z+@0+1
                 	LDD  R24,Z+@0+2
                 	LDD  R25,Z+@0+3
                 	.ENDM
                 
                 	.MACRO __GETB2MN
                 	LDS  R26,@0+(@1)
                 	.ENDM
                 
                 	.MACRO __GETW2MN
                 	LDS  R26,@0+(@1)
                 	LDS  R27,@0+(@1)+1
                 	.ENDM
                 
                 	.MACRO __GETD2MN
                 	LDS  R26,@0+(@1)
                 	LDS  R27,@0+(@1)+1
                 	LDS  R24,@0+(@1)+2
                 	LDS  R25,@0+(@1)+3
                 	.ENDM
                 
                 	.MACRO __PUTB1MN
                 	STS  @0+(@1),R30
                 	.ENDM
                 
                 	.MACRO __PUTW1MN
                 	STS  @0+(@1),R30
                 	STS  @0+(@1)+1,R31
                 	.ENDM
                 
                 	.MACRO __PUTD1MN
                 	STS  @0+(@1),R30
                 	STS  @0+(@1)+1,R31
                 	STS  @0+(@1)+2,R22
                 	STS  @0+(@1)+3,R23
                 	.ENDM
                 
                 	.MACRO __PUTB1EN
                 	LDI  R26,LOW(@0+(@1))
                 	LDI  R27,HIGH(@0+(@1))
                 	CALL __EEPROMWRB
                 	.ENDM
                 
                 	.MACRO __PUTW1EN
                 	LDI  R26,LOW(@0+(@1))
                 	LDI  R27,HIGH(@0+(@1))
                 	CALL __EEPROMWRW
                 	.ENDM
                 
                 	.MACRO __PUTD1EN
                 	LDI  R26,LOW(@0+(@1))
                 	LDI  R27,HIGH(@0+(@1))
                 	CALL __EEPROMWRD
                 	.ENDM
                 
                 	.MACRO __PUTBR0MN
                 	STS  @0+(@1),R0
                 	.ENDM
                 
                 	.MACRO __PUTBMRN
                 	STS  @0+(@1),R@2
                 	.ENDM
                 
                 	.MACRO __PUTWMRN
                 	STS  @0+(@1),R@2
                 	STS  @0+(@1)+1,R@3
                 	.ENDM
                 
                 	.MACRO __PUTBZR
                 	STD  Z+@1,R@0
                 	.ENDM
                 
                 	.MACRO __PUTWZR
                 	STD  Z+@2,R@0
                 	STD  Z+@2+1,R@1
                 	.ENDM
                 
                 	.MACRO __GETW1R
                 	MOV  R30,R@0
                 	MOV  R31,R@1
                 	.ENDM
                 
                 	.MACRO __GETW2R
                 	MOV  R26,R@0
                 	MOV  R27,R@1
                 	.ENDM
                 
                 	.MACRO __GETWRN
                 	LDI  R@0,LOW(@2)
                 	LDI  R@1,HIGH(@2)
                 	.ENDM
                 
                 	.MACRO __PUTW1R
                 	MOV  R@0,R30
                 	MOV  R@1,R31
                 	.ENDM
                 
                 	.MACRO __PUTW2R
                 	MOV  R@0,R26
                 	MOV  R@1,R27
                 	.ENDM
                 
                 	.MACRO __ADDWRN
                 	SUBI R@0,LOW(-@2)
                 	SBCI R@1,HIGH(-@2)
                 	.ENDM
                 
                 	.MACRO __ADDWRR
                 	ADD  R@0,R@2
                 	ADC  R@1,R@3
                 	.ENDM
                 
                 	.MACRO __SUBWRN
                 	SUBI R@0,LOW(@2)
                 	SBCI R@1,HIGH(@2)
                 	.ENDM
                 
                 	.MACRO __SUBWRR
                 	SUB  R@0,R@2
                 	SBC  R@1,R@3
                 	.ENDM
                 
                 	.MACRO __ANDWRN
                 	ANDI R@0,LOW(@2)
                 	ANDI R@1,HIGH(@2)
                 	.ENDM
                 
                 	.MACRO __ANDWRR
                 	AND  R@0,R@2
                 	AND  R@1,R@3
                 	.ENDM
                 
                 	.MACRO __ORWRN
                 	ORI  R@0,LOW(@2)
                 	ORI  R@1,HIGH(@2)
                 	.ENDM
                 
                 	.MACRO __ORWRR
                 	OR   R@0,R@2
                 	OR   R@1,R@3
                 	.ENDM
                 
                 	.MACRO __EORWRR
                 	EOR  R@0,R@2
                 	EOR  R@1,R@3
                 	.ENDM
                 
                 	.MACRO __GETWRS
                 	LDD  R@0,Y+@2
                 	LDD  R@1,Y+@2+1
                 	.ENDM
                 
                 	.MACRO __PUTBSR
                 	STD  Y+@1,R@0
                 	.ENDM
                 
                 	.MACRO __PUTWSR
                 	STD  Y+@2,R@0
                 	STD  Y+@2+1,R@1
                 	.ENDM
                 
                 	.MACRO __MOVEWRR
                 	MOV  R@0,R@2
                 	MOV  R@1,R@3
                 	.ENDM
                 
                 	.MACRO __INWR
                 	IN   R@0,@2
                 	IN   R@1,@2+1
                 	.ENDM
                 
                 	.MACRO __OUTWR
                 	OUT  @2+1,R@1
                 	OUT  @2,R@0
                 	.ENDM
                 
                 	.MACRO __CALL1MN
                 	LDS  R30,@0+(@1)
                 	LDS  R31,@0+(@1)+1
                 	ICALL
                 	.ENDM
                 
                 	.MACRO __CALL1FN
                 	LDI  R30,LOW(2*@0+(@1))
                 	LDI  R31,HIGH(2*@0+(@1))
                 	CALL __GETW1PF
                 	ICALL
                 	.ENDM
                 
                 	.MACRO __CALL2EN
                 	PUSH R26
                 	PUSH R27
                 	LDI  R26,LOW(@0+(@1))
                 	LDI  R27,HIGH(@0+(@1))
                 	CALL __EEPROMRDW
                 	POP  R27
                 	POP  R26
                 	ICALL
                 	.ENDM
                 
                 	.MACRO __CALL2EX
                 	SUBI R26,LOW(-@0)
                 	SBCI R27,HIGH(-@0)
                 	CALL __EEPROMRDD
                 	ICALL
                 	.ENDM
                 
                 	.MACRO __GETW1STACK
                 	IN   R30,SPL
                 	IN   R31,SPH
                 	ADIW R30,@0+1
                 	LD   R0,Z+
                 	LD   R31,Z
                 	MOV  R30,R0
                 	.ENDM
                 
                 	.MACRO __GETD1STACK
                 	IN   R30,SPL
                 	IN   R31,SPH
                 	ADIW R30,@0+1
                 	LD   R0,Z+
                 	LD   R1,Z+
                 	LD   R22,Z
                 	MOVW R30,R0
                 	.ENDM
                 
                 	.MACRO __NBST
                 	BST  R@0,@1
                 	IN   R30,SREG
                 	LDI  R31,0x40
                 	EOR  R30,R31
                 	OUT  SREG,R30
                 	.ENDM
                 
                 
                 	.MACRO __PUTB1SN
                 	LDD  R26,Y+@0
                 	LDD  R27,Y+@0+1
                 	SUBI R26,LOW(-@1)
                 	SBCI R27,HIGH(-@1)
                 	ST   X,R30
                 	.ENDM
                 
                 	.MACRO __PUTW1SN
                 	LDD  R26,Y+@0
                 	LDD  R27,Y+@0+1
                 	SUBI R26,LOW(-@1)
                 	SBCI R27,HIGH(-@1)
                 	ST   X+,R30
                 	ST   X,R31
                 	.ENDM
                 
                 	.MACRO __PUTD1SN
                 	LDD  R26,Y+@0
                 	LDD  R27,Y+@0+1
                 	SUBI R26,LOW(-@1)
                 	SBCI R27,HIGH(-@1)
                 	ST   X+,R30
                 	ST   X+,R31
                 	ST   X+,R22
                 	ST   X,R23
                 	.ENDM
                 
                 	.MACRO __PUTB1SNS
                 	LDD  R26,Y+@0
                 	LDD  R27,Y+@0+1
                 	ADIW R26,@1
                 	ST   X,R30
                 	.ENDM
                 
                 	.MACRO __PUTW1SNS
                 	LDD  R26,Y+@0
                 	LDD  R27,Y+@0+1
                 	ADIW R26,@1
                 	ST   X+,R30
                 	ST   X,R31
                 	.ENDM
                 
                 	.MACRO __PUTD1SNS
                 	LDD  R26,Y+@0
                 	LDD  R27,Y+@0+1
                 	ADIW R26,@1
                 	ST   X+,R30
                 	ST   X+,R31
                 	ST   X+,R22
                 	ST   X,R23
                 	.ENDM
                 
                 	.MACRO __PUTB1PMN
                 	LDS  R26,@0
                 	LDS  R27,@0+1
                 	SUBI R26,LOW(-@1)
                 	SBCI R27,HIGH(-@1)
                 	ST   X,R30
                 	.ENDM
                 
                 	.MACRO __PUTW1PMN
                 	LDS  R26,@0
                 	LDS  R27,@0+1
                 	SUBI R26,LOW(-@1)
                 	SBCI R27,HIGH(-@1)
                 	ST   X+,R30
                 	ST   X,R31
                 	.ENDM
                 
                 	.MACRO __PUTD1PMN
                 	LDS  R26,@0
                 	LDS  R27,@0+1
                 	SUBI R26,LOW(-@1)
                 	SBCI R27,HIGH(-@1)
                 	ST   X+,R30
                 	ST   X+,R31
                 	ST   X+,R22
                 	ST   X,R23
                 	.ENDM
                 
                 	.MACRO __PUTB1PMNS
                 	LDS  R26,@0
                 	LDS  R27,@0+1
                 	ADIW R26,@1
                 	ST   X,R30
                 	.ENDM
                 
                 	.MACRO __PUTW1PMNS
                 	LDS  R26,@0
                 	LDS  R27,@0+1
                 	ADIW R26,@1
                 	ST   X+,R30
                 	ST   X,R31
                 	.ENDM
                 
                 	.MACRO __PUTD1PMNS
                 	LDS  R26,@0
                 	LDS  R27,@0+1
                 	ADIW R26,@1
                 	ST   X+,R30
                 	ST   X+,R31
                 	ST   X+,R22
                 	ST   X,R23
                 	.ENDM
                 
                 	.MACRO __PUTB1RN
                 	MOVW R26,R@0
                 	SUBI R26,LOW(-@1)
                 	SBCI R27,HIGH(-@1)
                 	ST   X,R30
                 	.ENDM
                 
                 	.MACRO __PUTW1RN
                 	MOVW R26,R@0
                 	SUBI R26,LOW(-@1)
                 	SBCI R27,HIGH(-@1)
                 	ST   X+,R30
                 	ST   X,R31
                 	.ENDM
                 
                 	.MACRO __PUTD1RN
                 	MOVW R26,R@0
                 	SUBI R26,LOW(-@1)
                 	SBCI R27,HIGH(-@1)
                 	ST   X+,R30
                 	ST   X+,R31
                 	ST   X+,R22
                 	ST   X,R23
                 	.ENDM
                 
                 	.MACRO __PUTB1RNS
                 	MOVW R26,R@0
                 	ADIW R26,@1
                 	ST   X,R30
                 	.ENDM
                 
                 	.MACRO __PUTW1RNS
                 	MOVW R26,R@0
                 	ADIW R26,@1
                 	ST   X+,R30
                 	ST   X,R31
                 	.ENDM
                 
                 	.MACRO __PUTD1RNS
                 	MOVW R26,R@0
                 	ADIW R26,@1
                 	ST   X+,R30
                 	ST   X+,R31
                 	ST   X+,R22
                 	ST   X,R23
                 	.ENDM
                 
                 	.MACRO __PUTB1RON
                 	MOV  R26,R@0
                 	MOV  R27,R@1
                 	SUBI R26,LOW(-@2)
                 	SBCI R27,HIGH(-@2)
                 	ST   X,R30
                 	.ENDM
                 
                 	.MACRO __PUTW1RON
                 	MOV  R26,R@0
                 	MOV  R27,R@1
                 	SUBI R26,LOW(-@2)
                 	SBCI R27,HIGH(-@2)
                 	ST   X+,R30
                 	ST   X,R31
                 	.ENDM
                 
                 	.MACRO __PUTD1RON
                 	MOV  R26,R@0
                 	MOV  R27,R@1
                 	SUBI R26,LOW(-@2)
                 	SBCI R27,HIGH(-@2)
                 	ST   X+,R30
                 	ST   X+,R31
                 	ST   X+,R22
                 	ST   X,R23
                 	.ENDM
                 
                 	.MACRO __PUTB1RONS
                 	MOV  R26,R@0
                 	MOV  R27,R@1
                 	ADIW R26,@2
                 	ST   X,R30
                 	.ENDM
                 
                 	.MACRO __PUTW1RONS
                 	MOV  R26,R@0
                 	MOV  R27,R@1
                 	ADIW R26,@2
                 	ST   X+,R30
                 	ST   X,R31
                 	.ENDM
                 
                 	.MACRO __PUTD1RONS
                 	MOV  R26,R@0
                 	MOV  R27,R@1
                 	ADIW R26,@2
                 	ST   X+,R30
                 	ST   X+,R31
                 	ST   X+,R22
                 	ST   X,R23
                 	.ENDM
                 
                 
                 	.MACRO __GETB1SX
                 	MOVW R30,R28
                 	SUBI R30,LOW(-@0)
                 	SBCI R31,HIGH(-@0)
                 	LD   R30,Z
                 	.ENDM
                 
                 	.MACRO __GETB1HSX
                 	MOVW R30,R28
                 	SUBI R30,LOW(-@0)
                 	SBCI R31,HIGH(-@0)
                 	LD   R31,Z
                 	.ENDM
                 
                 	.MACRO __GETW1SX
                 	MOVW R30,R28
                 	SUBI R30,LOW(-@0)
                 	SBCI R31,HIGH(-@0)
                 	CALL __GETW1Z
                 	.ENDM
                 
                 	.MACRO __GETD1SX
                 	MOVW R30,R28
                 	SUBI R30,LOW(-@0)
                 	SBCI R31,HIGH(-@0)
                 	CALL __GETD1Z
                 	.ENDM
                 
                 	.MACRO __GETB2SX
                 	MOVW R26,R28
                 	SUBI R26,LOW(-@0)
                 	SBCI R27,HIGH(-@0)
                 	LD   R26,X
                 	.ENDM
                 
                 	.MACRO __GETW2SX
                 	MOVW R26,R28
                 	SUBI R26,LOW(-@0)
                 	SBCI R27,HIGH(-@0)
                 	CALL __GETW2X
                 	.ENDM
                 
                 	.MACRO __GETD2SX
                 	MOVW R26,R28
                 	SUBI R26,LOW(-@0)
                 	SBCI R27,HIGH(-@0)
                 	CALL __GETD2X
                 	.ENDM
                 
                 	.MACRO __GETBRSX
                 	MOVW R30,R28
                 	SUBI R30,LOW(-@1)
                 	SBCI R31,HIGH(-@1)
                 	LD   R@0,Z
                 	.ENDM
                 
                 	.MACRO __GETWRSX
                 	MOVW R30,R28
                 	SUBI R30,LOW(-@2)
                 	SBCI R31,HIGH(-@2)
                 	LD   R@0,Z+
                 	LD   R@1,Z
                 	.ENDM
                 
                 	.MACRO __GETBRSX2
                 	MOVW R26,R28
                 	SUBI R26,LOW(-@1)
                 	SBCI R27,HIGH(-@1)
                 	LD   R@0,X
                 	.ENDM
                 
                 	.MACRO __GETWRSX2
                 	MOVW R26,R28
                 	SUBI R26,LOW(-@2)
                 	SBCI R27,HIGH(-@2)
                 	LD   R@0,X+
                 	LD   R@1,X
                 	.ENDM
                 
                 	.MACRO __LSLW8SX
                 	MOVW R30,R28
                 	SUBI R30,LOW(-@0)
                 	SBCI R31,HIGH(-@0)
                 	LD   R31,Z
                 	CLR  R30
                 	.ENDM
                 
                 	.MACRO __PUTB1SX
                 	MOVW R26,R28
                 	SUBI R26,LOW(-@0)
                 	SBCI R27,HIGH(-@0)
                 	ST   X,R30
                 	.ENDM
                 
                 	.MACRO __PUTW1SX
                 	MOVW R26,R28
                 	SUBI R26,LOW(-@0)
                 	SBCI R27,HIGH(-@0)
                 	ST   X+,R30
                 	ST   X,R31
                 	.ENDM
                 
                 	.MACRO __PUTD1SX
                 	MOVW R26,R28
                 	SUBI R26,LOW(-@0)
                 	SBCI R27,HIGH(-@0)
                 	ST   X+,R30
                 	ST   X+,R31
                 	ST   X+,R22
                 	ST   X,R23
                 	.ENDM
                 
                 	.MACRO __CLRW1SX
                 	MOVW R26,R28
                 	SUBI R26,LOW(-@0)
                 	SBCI R27,HIGH(-@0)
                 	ST   X+,R30
                 	ST   X,R30
                 	.ENDM
                 
                 	.MACRO __CLRD1SX
                 	MOVW R26,R28
                 	SUBI R26,LOW(-@0)
                 	SBCI R27,HIGH(-@0)
                 	ST   X+,R30
                 	ST   X+,R30
                 	ST   X+,R30
                 	ST   X,R30
                 	.ENDM
                 
                 	.MACRO __PUTB2SX
                 	MOVW R30,R28
                 	SUBI R30,LOW(-@0)
                 	SBCI R31,HIGH(-@0)
                 	ST   Z,R26
                 	.ENDM
                 
                 	.MACRO __PUTW2SX
                 	MOVW R30,R28
                 	SUBI R30,LOW(-@0)
                 	SBCI R31,HIGH(-@0)
                 	ST   Z+,R26
                 	ST   Z,R27
                 	.ENDM
                 
                 	.MACRO __PUTD2SX
                 	MOVW R30,R28
                 	SUBI R30,LOW(-@0)
                 	SBCI R31,HIGH(-@0)
                 	ST   Z+,R26
                 	ST   Z+,R27
                 	ST   Z+,R24
                 	ST   Z,R25
                 	.ENDM
                 
                 	.MACRO __PUTBSRX
                 	MOVW R30,R28
                 	SUBI R30,LOW(-@1)
                 	SBCI R31,HIGH(-@1)
                 	ST   Z,R@0
                 	.ENDM
                 
                 	.MACRO __PUTWSRX
                 	MOVW R30,R28
                 	SUBI R30,LOW(-@2)
                 	SBCI R31,HIGH(-@2)
                 	ST   Z+,R@0
                 	ST   Z,R@1
                 	.ENDM
                 
                 	.MACRO __PUTB1SNX
                 	MOVW R26,R28
                 	SUBI R26,LOW(-@0)
                 	SBCI R27,HIGH(-@0)
                 	LD   R0,X+
                 	LD   R27,X
                 	MOV  R26,R0
                 	SUBI R26,LOW(-@1)
                 	SBCI R27,HIGH(-@1)
                 	ST   X,R30
                 	.ENDM
                 
                 	.MACRO __PUTW1SNX
                 	MOVW R26,R28
                 	SUBI R26,LOW(-@0)
                 	SBCI R27,HIGH(-@0)
                 	LD   R0,X+
                 	LD   R27,X
                 	MOV  R26,R0
                 	SUBI R26,LOW(-@1)
                 	SBCI R27,HIGH(-@1)
                 	ST   X+,R30
                 	ST   X,R31
                 	.ENDM
                 
                 	.MACRO __PUTD1SNX
                 	MOVW R26,R28
                 	SUBI R26,LOW(-@0)
                 	SBCI R27,HIGH(-@0)
                 	LD   R0,X+
                 	LD   R27,X
                 	MOV  R26,R0
                 	SUBI R26,LOW(-@1)
                 	SBCI R27,HIGH(-@1)
                 	ST   X+,R30
                 	ST   X+,R31
                 	ST   X+,R22
                 	ST   X,R23
                 	.ENDM
                 
                 	.MACRO __MULBRR
                 	MULS R@0,R@1
                 	MOVW R30,R0
                 	.ENDM
                 
                 	.MACRO __MULBRRU
                 	MUL  R@0,R@1
                 	MOVW R30,R0
                 	.ENDM
                 
                 	.MACRO __MULBRR0
                 	MULS R@0,R@1
                 	.ENDM
                 
                 	.MACRO __MULBRRU0
                 	MUL  R@0,R@1
                 	.ENDM
                 
                 	.MACRO __MULBNWRU
                 	LDI  R26,@2
                 	MUL  R26,R@0
                 	MOVW R30,R0
                 	MUL  R26,R@1
                 	ADD  R31,R0
                 	.ENDM
                 
                 ;NAME DEFINITIONS FOR GLOBAL VARIABLES ALLOCATED TO REGISTERS
                 	.DEF __lcd_x=R5
                 	.DEF __lcd_y=R4
                 	.DEF __lcd_maxx=R7
                 
                 	.CSEG
                 	.ORG 0x00
                 
                 ;START OF CODE MARKER
                 __START_OF_CODE:
                 
                 ;INTERRUPT VECTORS
000000 940c 00dc 	JMP  __RESET
000002 940c 0000 	JMP  0x00
000004 940c 0000 	JMP  0x00
000006 940c 0000 	JMP  0x00
000008 940c 0000 	JMP  0x00
00000a 940c 0000 	JMP  0x00
00000c 940c 0000 	JMP  0x00
00000e 940c 0000 	JMP  0x00
000010 940c 0000 	JMP  0x00
000012 940c 0000 	JMP  0x00
000014 940c 0000 	JMP  0x00
000016 940c 0000 	JMP  0x00
000018 940c 0000 	JMP  0x00
00001a 940c 0000 	JMP  0x00
00001c 940c 0000 	JMP  0x00
00001e 940c 0000 	JMP  0x00
000020 940c 0000 	JMP  0x00
000022 940c 0000 	JMP  0x00
000024 940c 0000 	JMP  0x00
000026 940c 0000 	JMP  0x00
000028 940c 0000 	JMP  0x00
                 
                 _tbl10_G101:
00002a 2710
00002b 03e8
00002c 0064
00002d 000a      	.DB  0x10,0x27,0xE8,0x3,0x64,0x0,0xA,0x0
00002e 0001      	.DB  0x1,0x0
                 _tbl16_G101:
00002f 1000
000030 0100
000031 0010
000032 0001      	.DB  0x0,0x10,0x0,0x1,0x10,0x0,0x1,0x0
                 
                 ;REGISTER BIT VARIABLES INITIALIZATION
                 __REG_BIT_VARS:
000033 0001      	.DW  0x0001
                 
                 _0x40000:
000034 6553
000035 686e
000036 2061
000037 6e49      	.DB  0x53,0x65,0x6E,0x68,0x61,0x20,0x49,0x6E
000038 6f63
000039 7272
00003a 7465
00003b 0061      	.DB  0x63,0x6F,0x72,0x72,0x65,0x74,0x61,0x0
00003c 6553
00003d 686e
00003e 2061
00003f 6f43      	.DB  0x53,0x65,0x6E,0x68,0x61,0x20,0x43,0x6F
000040 7272
000041 7465
000042 0061
000043 694c      	.DB  0x72,0x72,0x65,0x74,0x61,0x0,0x4C,0x69
000044 6167
000045 646e
000046 2e6f
000047 2e2e      	.DB  0x67,0x61,0x6E,0x64,0x6F,0x2E,0x2E,0x2E
000048 5300
000049 7369
00004a 6574
00004b 616d      	.DB  0x0,0x53,0x69,0x73,0x74,0x65,0x6D,0x61
00004c 4120
00004d 6d72
00004e 6461
00004f 006f      	.DB  0x20,0x41,0x72,0x6D,0x61,0x64,0x6F,0x0
000050 7241
000051 616d
000052 646e
000053 206f      	.DB  0x41,0x72,0x6D,0x61,0x6E,0x64,0x6F,0x20
000054 6953
000055 7473
000056 6d65
000057 0061      	.DB  0x53,0x69,0x73,0x74,0x65,0x6D,0x61,0x0
000058 6953
000059 7473
00005a 6d65
00005b 2061      	.DB  0x53,0x69,0x73,0x74,0x65,0x6D,0x61,0x20
00005c 6544
00005d 6173
00005e 6d72
00005f 6461      	.DB  0x44,0x65,0x73,0x61,0x72,0x6D,0x61,0x64
000060 006f
000061 6c41
000062 7265
000063 6174      	.DB  0x6F,0x0,0x41,0x6C,0x65,0x72,0x74,0x61
000064 203a
000065 6e49
000066 7274
000067 7375      	.DB  0x3A,0x20,0x49,0x6E,0x74,0x72,0x75,0x73
000068 6f61
000069 5300
00006a 6e65
00006b 6168      	.DB  0x61,0x6F,0x0,0x53,0x65,0x6E,0x68,0x61
00006c 203a
00006d 205f
00006e 205f
00006f 205f      	.DB  0x3A,0x20,0x5F,0x20,0x5F,0x20,0x5F,0x20
000070 005f
000071 6c41
000072 7265
000073 6174      	.DB  0x5F,0x0,0x41,0x6C,0x65,0x72,0x74,0x61
000074 203a
000075 7250
000076 7365
000077 6e65      	.DB  0x3A,0x20,0x50,0x72,0x65,0x73,0x65,0x6E
000078 6163
000079 4100
00007a 656c
00007b 7472      	.DB  0x63,0x61,0x0,0x41,0x6C,0x65,0x72,0x74
00007c 3a61
00007d 4620
00007e 6d75
00007f c361      	.DB  0x61,0x3A,0x20,0x46,0x75,0x6D,0x61,0xC3
000080 61a7
000081 5300
000082 7075
000083 7265      	.DB  0xA7,0x61,0x0,0x53,0x75,0x70,0x65,0x72
000084 7161
000085 6575
000086 6963
000087 656d      	.DB  0x61,0x71,0x75,0x65,0x63,0x69,0x6D,0x65
000088 746e
000089 006f
00008a 7245
00008b 6f72      	.DB  0x6E,0x74,0x6F,0x0,0x45,0x72,0x72,0x6F
00008c 6e20
00008d 206f
00008e 6953
00008f 7473      	.DB  0x20,0x6E,0x6F,0x20,0x53,0x69,0x73,0x74
000090 6d65
000091 0061
000092 7345
000093 6174      	.DB  0x65,0x6D,0x61,0x0,0x45,0x73,0x74,0x61
000094 6f64
000095 4420
000096 7365
000097 6f63      	.DB  0x64,0x6F,0x20,0x44,0x65,0x73,0x63,0x6F
000098 686e
000099 6365
00009a 6469
00009b 006f      	.DB  0x6E,0x68,0x65,0x63,0x69,0x64,0x6F,0x0
                 _0x60003:
00009c 3232
00009d 3433      	.DB  0x32,0x32,0x33,0x34
                 _0x2000003:
00009e c080      	.DB  0x80,0xC0
                 
                 __GLOBAL_INI_TBL:
00009f 0001      	.DW  0x01
0000a0 0002      	.DW  0x02
0000a1 0066      	.DW  __REG_BIT_VARS*2
                 
0000a2 0010      	.DW  0x10
0000a3 0160      	.DW  _0x40003
0000a4 0068      	.DW  _0x40000*2
                 
0000a5 000e      	.DW  0x0E
0000a6 0170      	.DW  _0x40004
0000a7 0078      	.DW  _0x40000*2+16
                 
0000a8 000b      	.DW  0x0B
0000a9 017e      	.DW  _0x40009
0000aa 0086      	.DW  _0x40000*2+30
                 
0000ab 000f      	.DW  0x0F
0000ac 0189      	.DW  _0x40009+11
0000ad 0091      	.DW  _0x40000*2+41
                 
0000ae 0010      	.DW  0x10
0000af 0198      	.DW  _0x40009+26
0000b0 00a0      	.DW  _0x40000*2+56
                 
0000b1 0004      	.DW  0x04
0000b2 01a8      	.DW  _0x40009+42
0000b3 008d      	.DW  _0x40000*2+37
                 
0000b4 0012      	.DW  0x12
0000b5 01ac      	.DW  _0x40009+46
0000b6 00b0      	.DW  _0x40000*2+72
                 
0000b7 0011      	.DW  0x11
0000b8 01be      	.DW  _0x40009+64
0000b9 00c2      	.DW  _0x40000*2+90
                 
0000ba 000f      	.DW  0x0F
0000bb 01cf      	.DW  _0x40009+81
0000bc 00d3      	.DW  _0x40000*2+107
                 
0000bd 0011      	.DW  0x11
0000be 01de      	.DW  _0x40009+96
0000bf 00e2      	.DW  _0x40000*2+122
                 
0000c0 000f      	.DW  0x0F
0000c1 01ef      	.DW  _0x40009+113
0000c2 00d3      	.DW  _0x40000*2+107
                 
0000c3 0010      	.DW  0x10
0000c4 01fe      	.DW  _0x40009+128
0000c5 00f3      	.DW  _0x40000*2+139
                 
0000c6 000f      	.DW  0x0F
0000c7 020e      	.DW  _0x40009+144
0000c8 00d3      	.DW  _0x40000*2+107
                 
0000c9 0011      	.DW  0x11
0000ca 021d      	.DW  _0x40009+159
0000cb 0103      	.DW  _0x40000*2+155
                 
0000cc 000f      	.DW  0x0F
0000cd 022e      	.DW  _0x40009+176
0000ce 00d3      	.DW  _0x40000*2+107
                 
0000cf 0010      	.DW  0x10
0000d0 023d      	.DW  _0x40009+191
0000d1 0114      	.DW  _0x40000*2+172
                 
0000d2 0014      	.DW  0x14
0000d3 024d      	.DW  _0x40009+207
0000d4 0124      	.DW  _0x40000*2+188
                 
0000d5 0004      	.DW  0x04
0000d6 0262      	.DW  _password_G003
0000d7 0138      	.DW  _0x60003*2
                 
0000d8 0002      	.DW  0x02
0000d9 0269      	.DW  __base_y_G100
0000da 013c      	.DW  _0x2000003*2
                 
                 _0xFFFFFFFF:
0000db 0000      	.DW  0
                 
                 #define __GLOBAL_INI_TBL_PRESENT 1
                 
                 __RESET:
0000dc 94f8      	CLI
                 
0000dd 27ee      	CLR  R30
0000de bbec      	OUT  EECR,R30
                 
                 ;INTERRUPT VECTORS ARE PLACED
                 ;AT THE START OF FLASH
0000df e0f1      	LDI  R31,1
0000e0 bffb      	OUT  GICR,R31
0000e1 bfeb      	OUT  GICR,R30
0000e2 bfe5      	OUT  MCUCR,R30
                 
                 ;CLEAR R2-R14
0000e3 e08d      	LDI  R24,(14-2)+1
0000e4 e0a2      	LDI  R26,2
0000e5 27bb      	CLR  R27
                 __CLEAR_REG:
0000e6 93ed      	ST   X+,R30
0000e7 958a      	DEC  R24
0000e8 f7e9      	BRNE __CLEAR_REG
                 
                 ;CLEAR SRAM
0000e9 e080      	LDI  R24,LOW(__CLEAR_SRAM_SIZE)
0000ea e094      	LDI  R25,HIGH(__CLEAR_SRAM_SIZE)
0000eb e6a0      	LDI  R26,__SRAM_START
                 __CLEAR_SRAM:
0000ec 93ed      	ST   X+,R30
0000ed 9701      	SBIW R24,1
0000ee f7e9      	BRNE __CLEAR_SRAM
                 
                 ;GLOBAL VARIABLES INITIALIZATION
0000ef e3ee      	LDI  R30,LOW(__GLOBAL_INI_TBL*2)
0000f0 e0f1      	LDI  R31,HIGH(__GLOBAL_INI_TBL*2)
                 __GLOBAL_INI_NEXT:
0000f1 9185      	LPM  R24,Z+
0000f2 9195      	LPM  R25,Z+
0000f3 9700      	SBIW R24,0
0000f4 f061      	BREQ __GLOBAL_INI_END
0000f5 91a5      	LPM  R26,Z+
0000f6 91b5      	LPM  R27,Z+
0000f7 9005      	LPM  R0,Z+
0000f8 9015      	LPM  R1,Z+
0000f9 01bf      	MOVW R22,R30
0000fa 01f0      	MOVW R30,R0
                 __GLOBAL_INI_LOOP:
0000fb 9005      	LPM  R0,Z+
0000fc 920d      	ST   X+,R0
0000fd 9701      	SBIW R24,1
0000fe f7e1      	BRNE __GLOBAL_INI_LOOP
0000ff 01fb      	MOVW R30,R22
000100 cff0      	RJMP __GLOBAL_INI_NEXT
                 __GLOBAL_INI_END:
                 
                 ;HARDWARE STACK POINTER INITIALIZATION
000101 e5ef      	LDI  R30,LOW(__SRAM_END-__HEAP_SIZE)
000102 bfed      	OUT  SPL,R30
000103 e0e4      	LDI  R30,HIGH(__SRAM_END-__HEAP_SIZE)
000104 bfee      	OUT  SPH,R30
                 
                 ;DATA STACK POINTER INITIALIZATION
000105 e6c0      	LDI  R28,LOW(__SRAM_START+__DSTACK_SIZE)
000106 e0d1      	LDI  R29,HIGH(__SRAM_START+__DSTACK_SIZE)
                 
000107 940c 0109 	JMP  _main
                 
                 	.ESEG
                 	.ORG 0x00
                 
                 	.DSEG
                 	.ORG 0x160
                 
                 	.CSEG
                 	#ifndef __SLEEP_DEFINED__
                 	#define __SLEEP_DEFINED__
                 	.EQU __se_bit=0x40
                 	.EQU __sm_mask=0xB0
                 	.EQU __sm_powerdown=0x20
                 	.EQU __sm_powersave=0x30
                 	.EQU __sm_standby=0xA0
                 	.EQU __sm_ext_standby=0xB0
                 	.EQU __sm_adc_noise_red=0x10
                 	.SET power_ctrl_reg=mcucr
                 	#endif
                 ;void main(void)
                 ; 0000 0007 {
                 
                 	.CSEG
                 _main:
                 ; .FSTART _main
                 ; 0000 0008 unsigned char input;
                 ; 0000 0009 PasswordResult password_result;
                 ; 0000 000A 
                 ; 0000 000B SystemInit();
                 ;	input -> R17
                 ;	password_result -> R16
000109 d03a      	RCALL _SystemInit
                 ; 0000 000C DDRC &= ~0x1F;
00010a b3e4      	IN   R30,0x14
00010b 7ee0      	ANDI R30,LOW(0xE0)
00010c bbe4      	OUT  0x14,R30
                 ; 0000 000D PORTC |= 0x1F;
00010d b3e5      	IN   R30,0x15
00010e 61ef      	ORI  R30,LOW(0x1F)
00010f bbe5      	OUT  0x15,R30
                 ; 0000 000E 
                 ; 0000 000F while (1)
                 _0x3:
                 ; 0000 0010 {
                 ; 0000 0011 SystemUpdate();
000110 d035      	RCALL _SystemUpdate
                 ; 0000 0012 input = 0;
000111 e010      	LDI  R17,LOW(0)
                 ; 0000 0013 
                 ; 0000 0014 if ((PINC & 0x1F) != 0x1F)
000112 b3e3      	IN   R30,0x13
000113 71ef      	ANDI R30,LOW(0x1F)
000114 31ef      	CPI  R30,LOW(0x1F)
000115 f161      	BREQ _0x6
                 ; 0000 0015 {
                 ; 0000 0016 delay_ms(20);
000116 e1a4      	LDI  R26,LOW(20)
000117 e0b0      	LDI  R27,0
000118 d18a      	RCALL _delay_ms
                 ; 0000 0017 
                 ; 0000 0018 if (PINC.0 == 0)
000119 9998      	SBIC 0x13,0
00011a c004      	RJMP _0x7
                 ; 0000 0019 {
                 ; 0000 001A SystemSetState(ST_MOTION);
00011b e0a5      	LDI  R26,LOW(5)
00011c d031      	RCALL _SystemSetState
                 ; 0000 001B PasswordStart();
00011d d09f      	RCALL _PasswordStart
                 ; 0000 001C }
                 ; 0000 001D else if (PINC.1 == 0)
00011e c01b      	RJMP _0x8
                 _0x7:
00011f 9999      	SBIC 0x13,1
000120 c002      	RJMP _0x9
                 ; 0000 001E {
                 ; 0000 001F input = '2';
000121 e312      	LDI  R17,LOW(50)
                 ; 0000 0020 }
                 ; 0000 0021 else if (PINC.2 == 0)
000122 c017      	RJMP _0xA
                 _0x9:
000123 999a      	SBIC 0x13,2
000124 c002      	RJMP _0xB
                 ; 0000 0022 {
                 ; 0000 0023 input = '3';
000125 e313      	LDI  R17,LOW(51)
                 ; 0000 0024 }
                 ; 0000 0025 else if (PINC.3 == 0)
000126 c013      	RJMP _0xC
                 _0xB:
000127 999b      	SBIC 0x13,3
000128 c002      	RJMP _0xD
                 ; 0000 0026 {
                 ; 0000 0027 input = '4';
000129 e314      	LDI  R17,LOW(52)
                 ; 0000 0028 }
                 ; 0000 0029 else if (PINC.4 == 0)
00012a c00f      	RJMP _0xE
                 _0xD:
00012b 999c      	SBIC 0x13,4
00012c c00d      	RJMP _0xF
                 ; 0000 002A {
                 ; 0000 002B password_result = PasswordConfirm();
00012d d0af      	RCALL _PasswordConfirm
00012e 2f0e      	MOV  R16,R30
                 ; 0000 002C delay_ms(1000);
00012f eea8      	LDI  R26,LOW(1000)
000130 e0b3      	LDI  R27,HIGH(1000)
000131 d171      	RCALL _delay_ms
                 ; 0000 002D if (password_result == PASSWORD_INCORRECT)
000132 3002      	CPI  R16,2
000133 f411      	BRNE _0x10
                 ; 0000 002E SystemSetState(ST_MOTION);
000134 e0a5      	LDI  R26,LOW(5)
000135 c003      	RJMP _0x18
                 ; 0000 002F else if (password_result == PASSWORD_CORRECT)
                 _0x10:
000136 3001      	CPI  R16,1
000137 f411      	BRNE _0x12
                 ; 0000 0030 SystemSetState(ST_DISARMED);
000138 e0a3      	LDI  R26,LOW(3)
                 _0x18:
000139 d014      	RCALL _SystemSetState
                 ; 0000 0031 }
                 _0x12:
                 ; 0000 0032 
                 ; 0000 0033 if (input != 0)
                 _0xF:
                 _0xE:
                 _0xC:
                 _0xA:
                 _0x8:
00013a 3010      	CPI  R17,0
00013b f011      	BREQ _0x13
                 ; 0000 0034 PasswordInput(input);
00013c 2fa1      	MOV  R26,R17
00013d d088      	RCALL _PasswordInput
                 ; 0000 0035 
                 ; 0000 0036 while ((PINC & 0x1F) != 0x1F) {}
                 _0x13:
                 _0x14:
00013e b3e3      	IN   R30,0x13
00013f 71ef      	ANDI R30,LOW(0x1F)
000140 31ef      	CPI  R30,LOW(0x1F)
000141 f7e1      	BRNE _0x14
                 ; 0000 0037 }
                 ; 0000 0038 }
                 _0x6:
000142 cfcd      	RJMP _0x3
                 ; 0000 0039 }
                 _0x17:
000143 cfff      	RJMP _0x17
                 ; .FEND
                 ;void SystemInit(void)
                 ; 0001 0008 {
                 
                 	.CSEG
                 _SystemInit:
                 ; .FSTART _SystemInit
                 ; 0001 0009 // Configuração de registradores
                 ; 0001 000A LCDInit();
000144 d011      	RCALL _LCDInit
                 ; 0001 000B 
                 ; 0001 000C }
000145 9508      	RET
                 ; .FEND
                 ;void SystemUpdate(void)
                 ; 0001 000F {
                 _SystemUpdate:
                 ; .FSTART _SystemUpdate
                 ; 0001 0010 if (lcd_update_pending)
000146 fe20      	SBRS R2,0
000147 c005      	RJMP _0x20003
                 ; 0001 0011 {
                 ; 0001 0012 LCDUpdate(current_state);
000148 91a0 0261 	LDS  R26,_current_state_G001
00014a d029      	RCALL _LCDUpdate
                 ; 0001 0013 lcd_update_pending = 0;
00014b 94e8      	CLT
00014c f820      	BLD  R2,0
                 ; 0001 0014 }
                 ; 0001 0015 }
                 _0x20003:
00014d 9508      	RET
                 ; .FEND
                 ;void SystemSetState(SystemState state)
                 ; 0001 0018 {
                 _SystemSetState:
                 ; .FSTART _SystemSetState
                 ; 0001 0019 current_state = state;
00014e 931a      	ST   -Y,R17
00014f 2f1a      	MOV  R17,R26
                 ;	state -> R17
000150 9310 0261 	STS  _current_state_G001,R17
                 ; 0001 001A lcd_update_pending = 1;
000152 9468      	SET
000153 f820      	BLD  R2,0
                 ; 0001 001B }
000154 940c 027c 	JMP  _0x2080001
                 ; .FEND
                 ;SystemState SystemGetState(void)
                 ; 0001 001E {
                 ; 0001 001F return current_state;
                 ; 0001 0020 }
                 	#ifndef __SLEEP_DEFINED__
                 	#endif
                 ;void LCDInit(void)
                 ; 0002 0008 {
                 
                 	.CSEG
                 _LCDInit:
                 ; .FSTART _LCDInit
                 ; 0002 0009 // Configura os registradores para utilizar o LCD - Barramento A
                 ; 0002 000A DDRA |= 0x04;     // Configura o pino PA2 como saída para habilitar o LCD
000156 9ad2      	SBI  0x1A,2
                 ; 0002 000B lcd_init(16);     // Inicializa o LCD com 16 caracteres
000157 e1a0      	LDI  R26,LOW(16)
000158 d0fa      	RCALL _lcd_init
                 ; 0002 000C PORTA |= 0x08;    // Habilita o backlight do LCD
000159 9adb      	SBI  0x1B,3
                 ; 0002 000D lcd_gotoxy(0, 0); // Posicão padrão do cursor no LCD
00015a e0e0      	LDI  R30,LOW(0)
00015b 93ea      	ST   -Y,R30
00015c e0a0      	LDI  R26,LOW(0)
00015d d0bb      	RCALL _lcd_gotoxy
                 ; 0002 000E }
00015e 9508      	RET
                 ; .FEND
                 ;void UpdatePasswordDisplay(unsigned char input, unsigned char length)
                 ; 0002 0011 {
                 _UpdatePasswordDisplay:
                 ; .FSTART _UpdatePasswordDisplay
                 ; 0002 0012 lcd_gotoxy(7 + 2 * (length - 1), 1);
00015f d11e      	RCALL SUBOPT_0x0
                 ;	input -> R16
                 ;	length -> R17
000160 d123      	RCALL SUBOPT_0x1
                 ; 0002 0013 lcd_putchar(input);
000161 2fa0      	MOV  R26,R16
000162 d0ce      	RCALL _lcd_putchar
                 ; 0002 0014 delay_ms(500);
000163 efa4      	LDI  R26,LOW(500)
000164 e0b1      	LDI  R27,HIGH(500)
000165 d13d      	RCALL _delay_ms
                 ; 0002 0015 lcd_gotoxy(7 + 2 * (length - 1), 1);
000166 2fe1      	MOV  R30,R17
000167 d11c      	RCALL SUBOPT_0x1
                 ; 0002 0016 lcd_putchar('*');
000168 e2aa      	LDI  R26,LOW(42)
000169 d0c7      	RCALL _lcd_putchar
                 ; 0002 0017 }
00016a c0b8      	RJMP _0x2080002
                 ; .FEND
                 ;void WrongPasswordDisplay(void)
                 ; 0002 001A {
                 _WrongPasswordDisplay:
                 ; .FSTART _WrongPasswordDisplay
                 ; 0002 001B lcd_gotoxy(0, 1);
00016b d11e      	RCALL SUBOPT_0x2
                 ; 0002 001C lcd_puts("Senha Incorreta");
                +
00016c e6a0     +LDI R26 , LOW ( _0x40003 + ( 0 ) )
00016d e0b1     +LDI R27 , HIGH ( _0x40003 + ( 0 ) )
                 	__POINTW2MN _0x40003,0
00016e c003      	RJMP _0x2080003
                 ; 0002 001D }
                 ; .FEND
                 
                 	.DSEG
                 _0x40003:
000160           	.BYTE 0x10
                 ;void CorrectPasswordDisplay(void)
                 ; 0002 0020 {
                 
                 	.CSEG
                 _CorrectPasswordDisplay:
                 ; .FSTART _CorrectPasswordDisplay
                 ; 0002 0021 lcd_clear();
00016f d0b7      	RCALL _lcd_clear
                 ; 0002 0022 lcd_puts("Senha Correta");
                +
000170 e7a0     +LDI R26 , LOW ( _0x40004 + ( 0 ) )
000171 e0b1     +LDI R27 , HIGH ( _0x40004 + ( 0 ) )
                 	__POINTW2MN _0x40004,0
                 _0x2080003:
000172 d0d1      	RCALL _lcd_puts
                 ; 0002 0023 }
000173 9508      	RET
                 ; .FEND
                 
                 	.DSEG
                 _0x40004:
000170           	.BYTE 0xE
                 ;void LCDUpdate(SystemState state)
                 ; 0002 0026 {
                 
                 	.CSEG
                 _LCDUpdate:
                 ; .FSTART _LCDUpdate
                 ; 0002 0027 // Atualiza o display do LCD com base no estado atual do sistema
                 ; 0002 0028 lcd_clear();
000174 931a      	ST   -Y,R17
000175 2f1a      	MOV  R17,R26
                 ;	state -> R17
000176 d0b0      	RCALL _lcd_clear
                 ; 0002 0029 
                 ; 0002 002A switch (state)
000177 2fe1      	MOV  R30,R17
                 ; 0002 002B {
                 ; 0002 002C case ST_BOOT:
000178 30e0      	CPI  R30,0
000179 f419      	BRNE _0x40008
                 ; 0002 002D lcd_puts("Ligando...");
                +
00017a e7ae     +LDI R26 , LOW ( _0x40009 + ( 0 ) )
00017b e0b1     +LDI R27 , HIGH ( _0x40009 + ( 0 ) )
                 	__POINTW2MN _0x40009,0
00017c c03e      	RJMP _0x40013
                 ; 0002 002E break;
                 ; 0002 002F 
                 ; 0002 0030 case ST_ARMED:
                 _0x40008:
00017d 30e1      	CPI  R30,LOW(0x1)
00017e f419      	BRNE _0x4000A
                 ; 0002 0031 lcd_puts("Sistema Armado");
                +
00017f e8a9     +LDI R26 , LOW ( _0x40009 + ( 11 ) )
000180 e0b1     +LDI R27 , HIGH ( _0x40009 + ( 11 ) )
                 	__POINTW2MN _0x40009,11
000181 c039      	RJMP _0x40013
                 ; 0002 0032 break;
                 ; 0002 0033 
                 ; 0002 0034 case ST_ARMING_DELAY:
                 _0x4000A:
000182 30e2      	CPI  R30,LOW(0x2)
000183 f439      	BRNE _0x4000B
                 ; 0002 0035 lcd_puts("Armando Sistema");
                +
000184 e9a8     +LDI R26 , LOW ( _0x40009 + ( 26 ) )
000185 e0b1     +LDI R27 , HIGH ( _0x40009 + ( 26 ) )
                 	__POINTW2MN _0x40009,26
000186 d0bd      	RCALL _lcd_puts
                 ; 0002 0036 lcd_gotoxy(0, 1);
000187 d102      	RCALL SUBOPT_0x2
                 ; 0002 0037 lcd_puts("...");
                +
000188 eaa8     +LDI R26 , LOW ( _0x40009 + ( 42 ) )
000189 e0b1     +LDI R27 , HIGH ( _0x40009 + ( 42 ) )
                 	__POINTW2MN _0x40009,42
00018a c030      	RJMP _0x40013
                 ; 0002 0038 break;
                 ; 0002 0039 
                 ; 0002 003A case ST_DISARMED:
                 _0x4000B:
00018b 30e3      	CPI  R30,LOW(0x3)
00018c f419      	BRNE _0x4000C
                 ; 0002 003B lcd_puts("Sistema Desarmado");
                +
00018d eaac     +LDI R26 , LOW ( _0x40009 + ( 46 ) )
00018e e0b1     +LDI R27 , HIGH ( _0x40009 + ( 46 ) )
                 	__POINTW2MN _0x40009,46
00018f c02b      	RJMP _0x40013
                 ; 0002 003C break;
                 ; 0002 003D 
                 ; 0002 003E case ST_SHOCK:
                 _0x4000C:
000190 30e4      	CPI  R30,LOW(0x4)
000191 f439      	BRNE _0x4000D
                 ; 0002 003F lcd_puts("Alerta: Intrusao");
                +
000192 ebae     +LDI R26 , LOW ( _0x40009 + ( 64 ) )
000193 e0b1     +LDI R27 , HIGH ( _0x40009 + ( 64 ) )
                 	__POINTW2MN _0x40009,64
000194 d0af      	RCALL _lcd_puts
                 ; 0002 0040 lcd_gotoxy(0, 1);
000195 d0f4      	RCALL SUBOPT_0x2
                 ; 0002 0041 lcd_puts("Senha: _ _ _ _");
                +
000196 ecaf     +LDI R26 , LOW ( _0x40009 + ( 81 ) )
000197 e0b1     +LDI R27 , HIGH ( _0x40009 + ( 81 ) )
                 	__POINTW2MN _0x40009,81
000198 c022      	RJMP _0x40013
                 ; 0002 0042 break;
                 ; 0002 0043 
                 ; 0002 0044 case ST_MOTION:
                 _0x4000D:
000199 30e5      	CPI  R30,LOW(0x5)
00019a f439      	BRNE _0x4000E
                 ; 0002 0045 lcd_puts("Alerta: Presenca");
                +
00019b edae     +LDI R26 , LOW ( _0x40009 + ( 96 ) )
00019c e0b1     +LDI R27 , HIGH ( _0x40009 + ( 96 ) )
                 	__POINTW2MN _0x40009,96
00019d d0a6      	RCALL _lcd_puts
                 ; 0002 0046 lcd_gotoxy(0, 1);
00019e d0eb      	RCALL SUBOPT_0x2
                 ; 0002 0047 lcd_puts("Senha: _ _ _ _");
                +
00019f eeaf     +LDI R26 , LOW ( _0x40009 + ( 113 ) )
0001a0 e0b1     +LDI R27 , HIGH ( _0x40009 + ( 113 ) )
                 	__POINTW2MN _0x40009,113
0001a1 c019      	RJMP _0x40013
                 ; 0002 0048 break;
                 ; 0002 0049 
                 ; 0002 004A case ST_SMOKE:
                 _0x4000E:
0001a2 30e6      	CPI  R30,LOW(0x6)
0001a3 f439      	BRNE _0x4000F
                 ; 0002 004B lcd_puts("Alerta: Fumaça");
                +
0001a4 efae     +LDI R26 , LOW ( _0x40009 + ( 128 ) )
0001a5 e0b1     +LDI R27 , HIGH ( _0x40009 + ( 128 ) )
                 	__POINTW2MN _0x40009,128
0001a6 d09d      	RCALL _lcd_puts
                 ; 0002 004C lcd_gotoxy(0, 1);
0001a7 d0e2      	RCALL SUBOPT_0x2
                 ; 0002 004D lcd_puts("Senha: _ _ _ _");
                +
0001a8 e0ae     +LDI R26 , LOW ( _0x40009 + ( 144 ) )
0001a9 e0b2     +LDI R27 , HIGH ( _0x40009 + ( 144 ) )
                 	__POINTW2MN _0x40009,144
0001aa c010      	RJMP _0x40013
                 ; 0002 004E break;
                 ; 0002 004F 
                 ; 0002 0050 case ST_OVERHEAT:
                 _0x4000F:
0001ab 30e7      	CPI  R30,LOW(0x7)
0001ac f439      	BRNE _0x40010
                 ; 0002 0051 lcd_puts("Superaquecimento");
                +
0001ad e1ad     +LDI R26 , LOW ( _0x40009 + ( 159 ) )
0001ae e0b2     +LDI R27 , HIGH ( _0x40009 + ( 159 ) )
                 	__POINTW2MN _0x40009,159
0001af d094      	RCALL _lcd_puts
                 ; 0002 0052 lcd_gotoxy(0, 1);
0001b0 d0d9      	RCALL SUBOPT_0x2
                 ; 0002 0053 lcd_puts("Senha: _ _ _ _");
                +
0001b1 e2ae     +LDI R26 , LOW ( _0x40009 + ( 176 ) )
0001b2 e0b2     +LDI R27 , HIGH ( _0x40009 + ( 176 ) )
                 	__POINTW2MN _0x40009,176
0001b3 c007      	RJMP _0x40013
                 ; 0002 0054 break;
                 ; 0002 0055 
                 ; 0002 0056 case ST_ERROR:
                 _0x40010:
0001b4 30e8      	CPI  R30,LOW(0x8)
0001b5 f419      	BRNE _0x40012
                 ; 0002 0057 lcd_puts("Erro no Sistema");
                +
0001b6 e3ad     +LDI R26 , LOW ( _0x40009 + ( 191 ) )
0001b7 e0b2     +LDI R27 , HIGH ( _0x40009 + ( 191 ) )
                 	__POINTW2MN _0x40009,191
0001b8 c002      	RJMP _0x40013
                 ; 0002 0058 break;
                 ; 0002 0059 
                 ; 0002 005A default:
                 _0x40012:
                 ; 0002 005B lcd_puts("Estado Desconhecido");
                +
0001b9 e4ad     +LDI R26 , LOW ( _0x40009 + ( 207 ) )
0001ba e0b2     +LDI R27 , HIGH ( _0x40009 + ( 207 ) )
                 	__POINTW2MN _0x40009,207
                 _0x40013:
0001bb d088      	RCALL _lcd_puts
                 ; 0002 005C break;
                 ; 0002 005D }
                 ; 0002 005E }
0001bc c0bf      	RJMP _0x2080001
                 ; .FEND
                 
                 	.DSEG
                 _0x40009:
00017e           	.BYTE 0xE3
                 
                 	.DSEG
                 ;void PasswordStart(void)
                 ; 0003 000C {
                 
                 	.CSEG
                 _PasswordStart:
                 ; .FSTART _PasswordStart
                 ; 0003 000D password_length = 0;
0001bd e0e0      	LDI  R30,LOW(0)
0001be 93e0 0266 	STS  _password_length_G003,R30
                 ; 0003 000E password_incorrect = 0;
0001c0 93e0 0267 	STS  _password_incorrect_G003,R30
                 ; 0003 000F password_entry_active = 1;
0001c2 e0e1      	LDI  R30,LOW(1)
0001c3 93e0 0268 	STS  _password_entry_active_G003,R30
                 ; 0003 0010 }
0001c5 9508      	RET
                 ; .FEND
                 ;void PasswordInput(unsigned char input)
                 ; 0003 0013 {
                 _PasswordInput:
                 ; .FSTART _PasswordInput
                 ; 0003 0014 
                 ; 0003 0015 if (password[password_length] != input)
0001c6 931a      	ST   -Y,R17
0001c7 2f1a      	MOV  R17,R26
                 ;	input -> R17
0001c8 91e0 0266 	LDS  R30,_password_length_G003
0001ca e0f0      	LDI  R31,0
0001cb 59ee      	SUBI R30,LOW(-_password_G003)
0001cc 4ffd      	SBCI R31,HIGH(-_password_G003)
0001cd 81a0      	LD   R26,Z
0001ce 171a      	CP   R17,R26
0001cf f019      	BREQ _0x60004
                 ; 0003 0016 password_incorrect = 1;
0001d0 e0e1      	LDI  R30,LOW(1)
0001d1 93e0 0267 	STS  _password_incorrect_G003,R30
                 ; 0003 0017 
                 ; 0003 0018 password_length++;
                 _0x60004:
0001d3 91e0 0266 	LDS  R30,_password_length_G003
0001d5 5fef      	SUBI R30,-LOW(1)
0001d6 93e0 0266 	STS  _password_length_G003,R30
                 ; 0003 0019 UpdatePasswordDisplay(input, password_length);
0001d8 931a      	ST   -Y,R17
0001d9 91a0 0266 	LDS  R26,_password_length_G003
0001db df83      	RCALL _UpdatePasswordDisplay
                 ; 0003 001A }
0001dc c09f      	RJMP _0x2080001
                 ; .FEND
                 ;PasswordResult PasswordConfirm(void)
                 ; 0003 001D {
                 _PasswordConfirm:
                 ; .FSTART _PasswordConfirm
                 ; 0003 001E if (!password_entry_active || password_length < PASSWORD_LENGTH)
0001dd 91e0 0268 	LDS  R30,_password_entry_active_G003
0001df 30e0      	CPI  R30,0
0001e0 f021      	BREQ _0x60006
0001e1 91a0 0266 	LDS  R26,_password_length_G003
0001e3 30a4      	CPI  R26,LOW(0x4)
0001e4 f410      	BRSH _0x60005
                 _0x60006:
                 ; 0003 001F return PASSWORD_PENDING;
0001e5 e0e0      	LDI  R30,LOW(0)
0001e6 9508      	RET
                 ; 0003 0020 
                 ; 0003 0021 if (password_incorrect)
                 _0x60005:
0001e7 91e0 0267 	LDS  R30,_password_incorrect_G003
0001e9 30e0      	CPI  R30,0
0001ea f021      	BREQ _0x60008
                 ; 0003 0022 {
                 ; 0003 0023 WrongPasswordDisplay();
0001eb df7f      	RCALL _WrongPasswordDisplay
                 ; 0003 0024 PasswordStart();
0001ec dfd0      	RCALL _PasswordStart
                 ; 0003 0025 return PASSWORD_INCORRECT;
0001ed e0e2      	LDI  R30,LOW(2)
0001ee 9508      	RET
                 ; 0003 0026 }
                 ; 0003 0027 
                 ; 0003 0028 CorrectPasswordDisplay();
                 _0x60008:
0001ef df7f      	RCALL _CorrectPasswordDisplay
                 ; 0003 0029 password_entry_active = 0;
0001f0 e0e0      	LDI  R30,LOW(0)
0001f1 93e0 0268 	STS  _password_entry_active_G003,R30
                 ; 0003 002A password_length = 0;
0001f3 93e0 0266 	STS  _password_length_G003,R30
                 ; 0003 002B return PASSWORD_CORRECT;
0001f5 e0e1      	LDI  R30,LOW(1)
0001f6 9508      	RET
                 ; 0003 002C }
                 ; .FEND
                 	#ifndef __SLEEP_DEFINED__
                 	#endif
                 
                 	.DSEG
                 
                 	.CSEG
                 __lcd_write_nibble_G100:
                 ; .FSTART __lcd_write_nibble_G100
0001f7 931a      	ST   -Y,R17
0001f8 2f1a      	MOV  R17,R26
0001f9 b3eb      	IN   R30,0x1B
0001fa 70ef      	ANDI R30,LOW(0xF)
0001fb 2fae      	MOV  R26,R30
0001fc 2fe1      	MOV  R30,R17
0001fd 7fe0      	ANDI R30,LOW(0xF0)
0001fe 2bea      	OR   R30,R26
0001ff bbeb      	OUT  0x1B,R30
                +
000200 e189     +LDI R24 , LOW ( 25 )
                +__DELAY_USB_LOOP :
000201 958a     +DEC R24
000202 f7f1     +BRNE __DELAY_USB_LOOP
                 	__DELAY_USB 25
000203 9ada      	SBI  0x1B,2
                +
000204 e189     +LDI R24 , LOW ( 25 )
                +__DELAY_USB_LOOP :
000205 958a     +DEC R24
000206 f7f1     +BRNE __DELAY_USB_LOOP
                 	__DELAY_USB 25
000207 98da      	CBI  0x1B,2
                +
000208 e189     +LDI R24 , LOW ( 25 )
                +__DELAY_USB_LOOP :
000209 958a     +DEC R24
00020a f7f1     +BRNE __DELAY_USB_LOOP
                 	__DELAY_USB 25
00020b c070      	RJMP _0x2080001
                 ; .FEND
                 __lcd_write_data:
                 ; .FSTART __lcd_write_data
00020c 93aa      	ST   -Y,R26
00020d 81a8      	LD   R26,Y
00020e dfe8      	RCALL __lcd_write_nibble_G100
00020f 81e8          ld    r30,y
000210 95e2          swap  r30
000211 83e8          st    y,r30
000212 81a8      	LD   R26,Y
000213 dfe3      	RCALL __lcd_write_nibble_G100
                +
000214 ef86     +LDI R24 , LOW ( 246 )
                +__DELAY_USB_LOOP :
000215 958a     +DEC R24
000216 f7f1     +BRNE __DELAY_USB_LOOP
                 	__DELAY_USB 246
000217 9621      	ADIW R28,1
000218 9508      	RET
                 ; .FEND
                 _lcd_gotoxy:
                 ; .FSTART _lcd_gotoxy
000219 d064      	RCALL SUBOPT_0x0
00021a e0f0      	LDI  R31,0
00021b 59e7      	SUBI R30,LOW(-__base_y_G100)
00021c 4ffd      	SBCI R31,HIGH(-__base_y_G100)
00021d 81e0      	LD   R30,Z
00021e 0fe0      	ADD  R30,R16
00021f 2fae      	MOV  R26,R30
000220 dfeb      	RCALL __lcd_write_data
000221 2e50      	MOV  R5,R16
000222 2e41      	MOV  R4,R17
                 _0x2080002:
000223 8119      	LDD  R17,Y+1
000224 8108      	LDD  R16,Y+0
000225 9623      	ADIW R28,3
000226 9508      	RET
                 ; .FEND
                 _lcd_clear:
                 ; .FSTART _lcd_clear
000227 e0a2      	LDI  R26,LOW(2)
000228 d065      	RCALL SUBOPT_0x3
000229 e0ac      	LDI  R26,LOW(12)
00022a dfe1      	RCALL __lcd_write_data
00022b e0a1      	LDI  R26,LOW(1)
00022c d061      	RCALL SUBOPT_0x3
00022d e0e0      	LDI  R30,LOW(0)
00022e 2e4e      	MOV  R4,R30
00022f 2e5e      	MOV  R5,R30
000230 9508      	RET
                 ; .FEND
                 _lcd_putchar:
                 ; .FSTART _lcd_putchar
000231 931a      	ST   -Y,R17
000232 2f1a      	MOV  R17,R26
000233 301a      	CPI  R17,10
000234 f011      	BREQ _0x2000005
000235 1457      	CP   R5,R7
000236 f038      	BRLO _0x2000004
                 _0x2000005:
000237 e0e0      	LDI  R30,LOW(0)
000238 93ea      	ST   -Y,R30
000239 9443      	INC  R4
00023a 2da4      	MOV  R26,R4
00023b dfdd      	RCALL _lcd_gotoxy
00023c 301a      	CPI  R17,10
00023d f1f1      	BREQ _0x2080001
                 _0x2000004:
00023e 9453      	INC  R5
00023f 9ad8      	SBI  0x1B,0
000240 2fa1      	MOV  R26,R17
000241 dfca      	RCALL __lcd_write_data
000242 98d8      	CBI  0x1B,0
000243 c038      	RJMP _0x2080001
                 ; .FEND
                 _lcd_puts:
                 ; .FSTART _lcd_puts
000244 d054      	RCALL __SAVELOCR4
000245 019d      	MOVW R18,R26
                 _0x2000008:
000246 01d9      	MOVW R26,R18
                +
000247 5f2f     +SUBI R18 , LOW ( - 1 )
000248 4f3f     +SBCI R19 , HIGH ( - 1 )
                 	__ADDWRN 18,19,1
000249 91ec      	LD   R30,X
00024a 2f1e      	MOV  R17,R30
00024b 30e0      	CPI  R30,0
00024c f019      	BREQ _0x200000A
00024d 2fa1      	MOV  R26,R17
00024e dfe2      	RCALL _lcd_putchar
00024f cff6      	RJMP _0x2000008
                 _0x200000A:
000250 d04d      	RCALL __LOADLOCR4
000251 9624      	ADIW R28,4
000252 9508      	RET
                 ; .FEND
                 _lcd_init:
                 ; .FSTART _lcd_init
000253 931a      	ST   -Y,R17
000254 2f1a      	MOV  R17,R26
000255 b3ea      	IN   R30,0x1A
000256 6fe0      	ORI  R30,LOW(0xF0)
000257 bbea      	OUT  0x1A,R30
000258 9ad2      	SBI  0x1A,2
000259 9ad0      	SBI  0x1A,0
00025a 9ad1      	SBI  0x1A,1
00025b 98da      	CBI  0x1B,2
00025c 98d8      	CBI  0x1B,0
00025d 98d9      	CBI  0x1B,1
00025e 2e71      	MOV  R7,R17
00025f 2fe1      	MOV  R30,R17
000260 58e0      	SUBI R30,-LOW(128)
                +
000261 93e0 026b+STS __base_y_G100 + ( 2 ) , R30
                 	__PUTB1MN __base_y_G100,2
000263 2fe1      	MOV  R30,R17
000264 54e0      	SUBI R30,-LOW(192)
                +
000265 93e0 026c+STS __base_y_G100 + ( 3 ) , R30
                 	__PUTB1MN __base_y_G100,3
000267 e1a4      	LDI  R26,LOW(20)
000268 e0b0      	LDI  R27,0
000269 d039      	RCALL _delay_ms
00026a d027      	RCALL SUBOPT_0x4
00026b d026      	RCALL SUBOPT_0x4
00026c d025      	RCALL SUBOPT_0x4
00026d e2a0      	LDI  R26,LOW(32)
00026e df88      	RCALL __lcd_write_nibble_G100
                +
00026f e781     +LDI R24 , LOW ( 369 )
000270 e091     +LDI R25 , HIGH ( 369 )
                +__DELAY_USW_LOOP :
000271 9701     +SBIW R24 , 1
000272 f7f1     +BRNE __DELAY_USW_LOOP
                 	__DELAY_USW 369
000273 e2a8      	LDI  R26,LOW(40)
000274 df97      	RCALL __lcd_write_data
000275 e0a4      	LDI  R26,LOW(4)
000276 df95      	RCALL __lcd_write_data
000277 e8a5      	LDI  R26,LOW(133)
000278 df93      	RCALL __lcd_write_data
000279 e0a6      	LDI  R26,LOW(6)
00027a df91      	RCALL __lcd_write_data
00027b dfab      	RCALL _lcd_clear
                 _0x2080001:
00027c 9119      	LD   R17,Y+
00027d 9508      	RET
                 ; .FEND
                 	#ifndef __SLEEP_DEFINED__
                 	#endif
                 
                 	.CSEG
                 
                 	.CSEG
                 
                 	.CSEG
                 
                 	.DSEG
                 _current_state_G001:
000261           	.BYTE 0x1
                 _password_G003:
000262           	.BYTE 0x4
                 _password_length_G003:
000266           	.BYTE 0x1
                 _password_incorrect_G003:
000267           	.BYTE 0x1
                 _password_entry_active_G003:
000268           	.BYTE 0x1
                 __base_y_G100:
000269           	.BYTE 0x4
                 
                 	.CSEG
                 ;OPTIMIZER ADDED SUBROUTINE, CALLED 2 TIMES, CODE SIZE REDUCTION:2 WORDS
                 SUBOPT_0x0:
00027e 931a      	ST   -Y,R17
00027f 930a      	ST   -Y,R16
000280 2f1a      	MOV  R17,R26
000281 810a      	LDD  R16,Y+2
000282 2fe1      	MOV  R30,R17
000283 9508      	RET
                 
                 ;OPTIMIZER ADDED SUBROUTINE, CALLED 2 TIMES, CODE SIZE REDUCTION:3 WORDS
                 SUBOPT_0x1:
000284 50e1      	SUBI R30,LOW(1)
000285 0fee      	LSL  R30
000286 5fe9      	SUBI R30,-LOW(7)
000287 93ea      	ST   -Y,R30
000288 e0a1      	LDI  R26,LOW(1)
000289 cf8f      	RJMP _lcd_gotoxy
                 
                 ;OPTIMIZER ADDED SUBROUTINE, CALLED 6 TIMES, CODE SIZE REDUCTION:13 WORDS
                 SUBOPT_0x2:
00028a e0e0      	LDI  R30,LOW(0)
00028b 93ea      	ST   -Y,R30
00028c e0a1      	LDI  R26,LOW(1)
00028d cf8b      	RJMP _lcd_gotoxy
                 
                 ;OPTIMIZER ADDED SUBROUTINE, CALLED 2 TIMES, CODE SIZE REDUCTION:1 WORDS
                 SUBOPT_0x3:
00028e df7d      	RCALL __lcd_write_data
00028f e0a3      	LDI  R26,LOW(3)
000290 e0b0      	LDI  R27,0
000291 c011      	RJMP _delay_ms
                 
                 ;OPTIMIZER ADDED SUBROUTINE, CALLED 3 TIMES, CODE SIZE REDUCTION:8 WORDS
                 SUBOPT_0x4:
000292 e3a0      	LDI  R26,LOW(48)
000293 df63      	RCALL __lcd_write_nibble_G100
                +
000294 e781     +LDI R24 , LOW ( 369 )
000295 e091     +LDI R25 , HIGH ( 369 )
                +__DELAY_USW_LOOP :
000296 9701     +SBIW R24 , 1
000297 f7f1     +BRNE __DELAY_USW_LOOP
                 	__DELAY_USW 369
000298 9508      	RET
                 
                 ;RUNTIME LIBRARY
                 
                 	.CSEG
                 __SAVELOCR4:
000299 933a      	ST   -Y,R19
                 __SAVELOCR3:
00029a 932a      	ST   -Y,R18
                 __SAVELOCR2:
00029b 931a      	ST   -Y,R17
00029c 930a      	ST   -Y,R16
00029d 9508      	RET
                 
                 __LOADLOCR4:
00029e 813b      	LDD  R19,Y+3
                 __LOADLOCR3:
00029f 812a      	LDD  R18,Y+2
                 __LOADLOCR2:
0002a0 8119      	LDD  R17,Y+1
0002a1 8108      	LD   R16,Y
0002a2 9508      	RET
                 
                 _delay_ms:
0002a3 9610      	adiw r26,0
0002a4 f039      	breq __delay_ms1
                 __delay_ms0:
0002a5 95a8      	wdr
                +
0002a6 e686     +LDI R24 , LOW ( 0xE66 )
0002a7 e09e     +LDI R25 , HIGH ( 0xE66 )
                +__DELAY_USW_LOOP :
0002a8 9701     +SBIW R24 , 1
0002a9 f7f1     +BRNE __DELAY_USW_LOOP
                 	__DELAY_USW 0xE66
0002aa 9711      	sbiw r26,1
0002ab f7c9      	brne __delay_ms0
                 __delay_ms1:
0002ac 9508      	ret
                 
                 ;END OF CODE MARKER
                 __END_OF_CODE:


RESOURCE USE INFORMATION
------------------------

Notice:
The register and instruction counts are symbol table hit counts,
and hence implicitly used resources are not counted, eg, the
'lpm' instruction without operands implicitly uses r0 and z,
none of which are counted.

x,y,z are separate entities in the symbol table and are
counted separately from r26..r31 here.

.dseg memory usage only counts static data declared with .byte

ATmega16 register use summary:
r0 :   4 r1 :   1 r2 :   3 r3 :   0 r4 :   4 r5 :   4 r6 :   0 r7 :   2 
r8 :   0 r9 :   0 r10:   0 r11:   0 r12:   0 r13:   0 r14:   0 r15:   0 
r16:  11 r17:  40 r18:   5 r19:   3 r20:   0 r21:   0 r22:   2 r23:   0 
r24:  21 r25:   5 r26:  70 r27:  24 r28:   4 r29:   1 r30: 100 r31:   7 
x  :   4 y  :  30 z  :   9 
Registers used: 22 out of 35 (62.9%)

ATmega16 instruction use summary:
.lds  :   0 .lds.l:   0 .sts  :   0 .sts.l:   0 adc   :   0 add   :   1 
adiw  :   4 and   :   0 andi  :   5 asr   :   0 bclr  :   0 bld   :   2 
brbc  :   0 brbs  :   0 brcc  :   0 brcs  :   0 break :   0 breq  :  10 
brge  :   0 brhc  :   0 brhs  :   0 brid  :   0 brie  :   0 brlo  :   1 
brlt  :   0 brmi  :   0 brne  :  23 brpl  :   0 brsh  :   1 brtc  :   0 
brts  :   0 brvc  :   0 brvs  :   0 bset  :   0 bst   :   0 call  :   0 
cbi   :   5 cbr   :   0 clc   :   0 clh   :   0 cli   :   1 cln   :   0 
clr   :   2 cls   :   0 clt   :   1 clv   :   0 clz   :   0 com   :   0 
cp    :   2 cpc   :   0 cpi   :  20 cpse  :   0 dec   :   5 des   :   0 
eor   :   0 fmul  :   0 fmuls :   0 fmulsu:   0 icall :   0 ijmp  :   0 
in    :   6 inc   :   2 jmp   :  23 ld    :   8 ldd   :   6 ldi   : 100 
lds   :   7 lpm   :   7 lsl   :   1 lsr   :   0 mov   :  27 movw  :   5 
mul   :   0 muls  :   0 mulsu :   0 neg   :   0 nop   :   0 or    :   1 
ori   :   2 out   :  10 pop   :   0 push  :   0 rcall :  62 ret   :  18 
reti  :   0 rjmp  :  33 rol   :   0 ror   :   0 sbc   :   0 sbci  :   3 
sbi   :   7 sbic  :   5 sbis  :   0 sbiw  :   7 sbr   :   0 sbrc  :   0 
sbrs  :   1 sec   :   0 seh   :   0 sei   :   0 sen   :   0 ser   :   0 
ses   :   0 set   :   1 sev   :   0 sez   :   0 sleep :   0 spm   :   0 
st    :  22 std   :   0 sts   :  10 sub   :   0 subi  :   8 swap  :   1 
tst   :   0 wdr   :   1 
Instructions used: 43 out of 116 (37.1%)

ATmega16 memory use summary [bytes]:
Segment   Begin    End      Code   Data   Used    Size   Use%
---------------------------------------------------------------
[.cseg] 0x000000 0x00055a   1014    356   1370   16384   8.4%
[.dseg] 0x000060 0x00026d      0    269    269    1024  26.3%
[.eseg] 0x000000 0x000000      0      0      0     512   0.0%

Assembly complete, 0 errors, 3 warnings
